{
  "stats": {
    "suites": 1,
    "tests": 1,
    "passes": 1,
    "pending": 0,
    "failures": 0,
    "start": "2023-07-30T20:09:29.609Z",
    "end": "2023-07-30T20:10:15.704Z",
    "duration": 46095,
    "testsRegistered": 1,
    "passPercent": 100,
    "pendingPercent": 0,
    "other": 0,
    "hasOther": false,
    "skipped": 0,
    "hasSkipped": false
  },
  "results": [
    {
      "uuid": "605cbcbd-7171-4f7d-93b9-525256f2a74e",
      "title": "",
      "fullFile": "cypress/integration/testcases/TDSearch.spec.js",
      "file": "cypress/integration/testcases/TDSearch.spec.js",
      "beforeHooks": [],
      "afterHooks": [],
      "tests": [],
      "suites": [
        {
          "uuid": "4e31dd08-6cdd-4390-8e0e-37faa423d738",
          "title": "TD Search Scenarios",
          "fullFile": "",
          "file": "",
          "beforeHooks": [],
          "afterHooks": [],
          "tests": [
            {
              "title": "Validation of TD Search Bar",
              "fullTitle": "TD Search Scenarios Validation of TD Search Bar",
              "timedOut": null,
              "duration": 41200,
              "state": "passed",
              "speed": "slow",
              "pass": true,
              "fail": false,
              "pending": false,
              "context": null,
              "code": "const hmPage = new _homePage.default();\nlet actValue;\n//Step to launch the TD App\nhmPage.lauchTDApp();\n//Click on the menu links\n// hmPage.openMenuLinks().click()\n//click on the search button\nhmPage.clickSearchIcon().click();\n//Enter the search text in the search bar\nhmPage.searchTextBox().type(\"Internet\");\n//Read the search list 3rd element\nhmPage.searchResultsList().should('be.visible');\nhmPage.searchResultsList().contains('Internet Troubleshooting:').should('be.visible').as('thValue');\nhmPage.searchResultsList().as('listValues');\ncy.get('@listValues').each(($el, index, $list) => {\n  const textValue = $el.text();\n  cy.log(index + \" : \" + textValue);\n  if (textValue.includes('Internet Troubleshooting:')) {\n    actValue = textValue;\n    cy.log(\"Found - \" + actValue);\n    cy.wrap($el).click();\n  }\n});\n//Step to validate the selected text dispalyed\nhmPage.searchSelection().should('be.visible');\nhmPage.searchSelection().invoke(\"text\").then(actText => {\n  expect(actText).to.contain(actValue);\n});\n//Step to wait for the page to load completely\ncy.document().then(doc => {\n  if (doc.readyState === 'complete') {\n    cy.log('Page is fully loaded');\n  } else {\n    cy.wait(10000);\n    cy.log('Page waited to be loaded');\n  }\n});\ncy.get('ul.jaVibZ', {\n  timeout: 10000\n}).should('be.visible');\ncy.xpath(\"//span[contains(text(), 'Forums')]\").should('be.visible').then($el => {\n  cy.log($el.length);\n  expect(6).to.equal($el.length);\n});\n//Step to click on the first forum link and validate the page dispalyed correctly for the first link\ncy.get('ul.jaVibZ').find(\"li.fJHqiq a h2\").then($el => {\n  const text = $el.eq(0).text();\n  cy.log(\"first link text : \" + text);\n  cy.wrap($el.eq(0)).click();\n  cy.get('.message-subject > span > div').should('be.visible').then($e2 => {\n    const text1 = $e2.text().replace(/\\n/g, '').replace(/\\t/g, '');\n    cy.log(\"second page text : \" + text1);\n    expect(text).to.contain(text1);\n  });\n});",
              "err": {},
              "uuid": "40f6010b-0890-4af1-84cb-139e85fe51bc",
              "parentUUID": "4e31dd08-6cdd-4390-8e0e-37faa423d738",
              "isHook": false,
              "skipped": false
            }
          ],
          "suites": [],
          "passes": [
            "40f6010b-0890-4af1-84cb-139e85fe51bc"
          ],
          "failures": [],
          "pending": [],
          "skipped": [],
          "duration": 41200,
          "root": false,
          "rootEmpty": false,
          "_timeout": 2000
        }
      ],
      "passes": [],
      "failures": [],
      "pending": [],
      "skipped": [],
      "duration": 0,
      "root": true,
      "rootEmpty": true,
      "_timeout": 2000
    }
  ],
  "meta": {
    "mocha": {
      "version": "7.0.1"
    },
    "mochawesome": {
      "options": {
        "quiet": false,
        "reportFilename": "mochawesome",
        "saveHtml": false,
        "saveJson": true,
        "consoleReporter": "spec",
        "useInlineDiffs": false,
        "code": true
      },
      "version": "7.1.3"
    },
    "marge": {
      "options": {
        "reportDir": "cypress/report/mocha-report",
        "overwrite": false,
        "html": false,
        "json": true,
        "timestamp": "mmddyyyy_HHMMss"
      },
      "version": "6.2.0"
    }
  }
}